<?xml version="1.0" encoding="UTF-8"?>
<!-- Generated by org.testng.reporters.JUnitReportReporter -->
<testsuite hostname="DESKTOP-BHR3PSD" failures="0" tests="6" name="testNgPack.VerifyLoginAndCreteNewAccFunctionality" time="61.417" errors="0" timestamp="2024-02-28T19:03:42 IST" skipped="0">
  <testcase classname="testNgPack.VerifyLoginAndCreteNewAccFunctionality" name="verifyLoginFunctionality" time="4.825"/>
  <testcase classname="testNgPack.VerifyLoginAndCreteNewAccFunctionality" name="verifyLoginFunctionality" time="4.976"/>
  <testcase classname="testNgPack.VerifyLoginAndCreteNewAccFunctionality" name="verifyLoginFunctionality" time="2.511"/>
  <testcase classname="testNgPack.VerifyLoginAndCreteNewAccFunctionality" name="creatNewAccFormFunctionality" time="16.662"/>
  <testcase classname="testNgPack.VerifyLoginAndCreteNewAccFunctionality" name="creatNewAccFormFunctionality" time="15.744"/>
  <testcase classname="testNgPack.VerifyLoginAndCreteNewAccFunctionality" name="creatNewAccFormFunctionality" time="16.699"/>
</testsuite> <!-- testNgPack.VerifyLoginAndCreteNewAccFunctionality -->
