<?xml version="1.0" encoding="UTF-8"?>
<!-- Generated by org.testng.reporters.JUnitReportReporter -->
<testsuite hostname="DESKTOP-BHR3PSD" failures="0" tests="6" name="testNgPack.VerifyLoginAndCreteNewAccFunctionality" time="62.493" errors="0" timestamp="2024-02-27T15:05:43 IST" skipped="0">
  <testcase classname="testNgPack.VerifyLoginAndCreteNewAccFunctionality" name="verifyLoginFunctionality" time="4.947"/>
  <testcase classname="testNgPack.VerifyLoginAndCreteNewAccFunctionality" name="verifyLoginFunctionality" time="4.404"/>
  <testcase classname="testNgPack.VerifyLoginAndCreteNewAccFunctionality" name="verifyLoginFunctionality" time="6.239"/>
  <testcase classname="testNgPack.VerifyLoginAndCreteNewAccFunctionality" name="creatNewAccFormFunctionality" time="17.200"/>
  <testcase classname="testNgPack.VerifyLoginAndCreteNewAccFunctionality" name="creatNewAccFormFunctionality" time="15.175"/>
  <testcase classname="testNgPack.VerifyLoginAndCreteNewAccFunctionality" name="creatNewAccFormFunctionality" time="14.528"/>
</testsuite> <!-- testNgPack.VerifyLoginAndCreteNewAccFunctionality -->
