<?xml version="1.0" encoding="UTF-8"?>
<!-- Generated by org.testng.reporters.JUnitReportReporter -->
<testsuite hostname="DESKTOP-BHR3PSD" failures="0" tests="2" name="testNgPack.VerifyLoginFunctionality" time="0.010" errors="0" timestamp="2024-02-19T14:49:08 IST" skipped="0">
  <testcase classname="testNgPack.VerifyLoginFunctionality" name="test1" time="0.007"/>
  <testcase classname="testNgPack.VerifyLoginFunctionality" name="test2" time="0.003"/>
</testsuite> <!-- testNgPack.VerifyLoginFunctionality -->
