<?xml version="1.0" encoding="UTF-8"?>
<!-- Generated by org.testng.reporters.JUnitReportReporter -->
<testsuite hostname="DESKTOP-BHR3PSD" failures="0" tests="12" name="testNgPack.VerifyForgotPasswordFunctionality" time="51.284" errors="0" timestamp="2024-02-27T13:27:03 IST" skipped="0">
  <testcase classname="testNgPack.VerifyForgotPasswordFunctionality" name="verifyTextOnForgotPasswordPage" time="1.445"/>
  <testcase classname="testNgPack.VerifyForgotPasswordFunctionality" name="verifyTextOnForgotPasswordPage" time="2.852"/>
  <testcase classname="testNgPack.VerifyForgotPasswordFunctionality" name="verifyTextOnForgotPasswordPage" time="1.754"/>
  <testcase classname="testNgPack.VerifyForgotPasswordFunctionality" name="verifyCancelButtonOnForgotPasswordPage" time="2.584"/>
  <testcase classname="testNgPack.VerifyForgotPasswordFunctionality" name="verifyCancelButtonOnForgotPasswordPage" time="3.469"/>
  <testcase classname="testNgPack.VerifyForgotPasswordFunctionality" name="verifyCancelButtonOnForgotPasswordPage" time="2.677"/>
  <testcase classname="testNgPack.VerifyForgotPasswordFunctionality" name="verifySearchButtonFunctionalityWithWrongId" time="6.188"/>
  <testcase classname="testNgPack.VerifyForgotPasswordFunctionality" name="verifySearchButtonFunctionalityWithWrongId" time="6.835"/>
  <testcase classname="testNgPack.VerifyForgotPasswordFunctionality" name="verifySearchButtonFunctionalityWithWrongId" time="6.691"/>
  <testcase classname="testNgPack.VerifyForgotPasswordFunctionality" name="verifySearchButtonFunctionalityWithCorrectId" time="4.801"/>
  <testcase classname="testNgPack.VerifyForgotPasswordFunctionality" name="verifySearchButtonFunctionalityWithCorrectId" time="4.832"/>
  <testcase classname="testNgPack.VerifyForgotPasswordFunctionality" name="verifySearchButtonFunctionalityWithCorrectId" time="7.156"/>
</testsuite> <!-- testNgPack.VerifyForgotPasswordFunctionality -->
