<?xml version="1.0" encoding="UTF-8"?>
<!-- Generated by org.testng.reporters.JUnitReportReporter -->
<testsuite hostname="DESKTOP-BHR3PSD" failures="0" tests="12" name="testNgPack.VerifyForgotPasswordFunctionality" time="67.756" errors="0" timestamp="2024-03-17T16:04:34 IST" skipped="0">
  <testcase classname="testNgPack.VerifyForgotPasswordFunctionality" name="verifyTextOnForgotPasswordPage" time="3.152"/>
  <testcase classname="testNgPack.VerifyForgotPasswordFunctionality" name="verifyTextOnForgotPasswordPage" time="9.009"/>
  <testcase classname="testNgPack.VerifyForgotPasswordFunctionality" name="verifyTextOnForgotPasswordPage" time="4.511"/>
  <testcase classname="testNgPack.VerifyForgotPasswordFunctionality" name="verifyCancelButtonOnForgotPasswordPage" time="2.980"/>
  <testcase classname="testNgPack.VerifyForgotPasswordFunctionality" name="verifyCancelButtonOnForgotPasswordPage" time="5.502"/>
  <testcase classname="testNgPack.VerifyForgotPasswordFunctionality" name="verifyCancelButtonOnForgotPasswordPage" time="2.971"/>
  <testcase classname="testNgPack.VerifyForgotPasswordFunctionality" name="verifySearchButtonFunctionalityWithWrongId" time="8.300"/>
  <testcase classname="testNgPack.VerifyForgotPasswordFunctionality" name="verifySearchButtonFunctionalityWithWrongId" time="4.910"/>
  <testcase classname="testNgPack.VerifyForgotPasswordFunctionality" name="verifySearchButtonFunctionalityWithWrongId" time="7.391"/>
  <testcase classname="testNgPack.VerifyForgotPasswordFunctionality" name="verifySearchButtonFunctionalityWithCorrectId" time="7.824"/>
  <testcase classname="testNgPack.VerifyForgotPasswordFunctionality" name="verifySearchButtonFunctionalityWithCorrectId" time="5.379"/>
  <testcase classname="testNgPack.VerifyForgotPasswordFunctionality" name="verifySearchButtonFunctionalityWithCorrectId" time="5.827"/>
</testsuite> <!-- testNgPack.VerifyForgotPasswordFunctionality -->
