<?xml version="1.0" encoding="UTF-8"?>
<!-- Generated by org.testng.reporters.JUnitReportReporter -->
<testsuite hostname="DESKTOP-BHR3PSD" failures="0" tests="6" name="testNgPack.VerifyLoginAndCreteNewAccFunctionality" time="66.305" errors="0" timestamp="2024-02-28T15:55:53 IST" skipped="0">
  <testcase classname="testNgPack.VerifyLoginAndCreteNewAccFunctionality" name="verifyLoginFunctionality" time="4.491"/>
  <testcase classname="testNgPack.VerifyLoginAndCreteNewAccFunctionality" name="verifyLoginFunctionality" time="5.502"/>
  <testcase classname="testNgPack.VerifyLoginAndCreteNewAccFunctionality" name="verifyLoginFunctionality" time="6.242"/>
  <testcase classname="testNgPack.VerifyLoginAndCreteNewAccFunctionality" name="creatNewAccFormFunctionality" time="19.123"/>
  <testcase classname="testNgPack.VerifyLoginAndCreteNewAccFunctionality" name="creatNewAccFormFunctionality" time="17.131"/>
  <testcase classname="testNgPack.VerifyLoginAndCreteNewAccFunctionality" name="creatNewAccFormFunctionality" time="13.816"/>
</testsuite> <!-- testNgPack.VerifyLoginAndCreteNewAccFunctionality -->
