<?xml version="1.0" encoding="UTF-8"?>
<!-- Generated by org.testng.reporters.JUnitReportReporter -->
<testsuite hostname="DESKTOP-BHR3PSD" failures="0" tests="12" name="testNgPack.VerifyForgotPasswordFunctionality" time="61.979" errors="0" timestamp="2024-02-25T11:05:54 IST" skipped="0">
  <testcase classname="testNgPack.VerifyForgotPasswordFunctionality" name="verifyTextOnForgotPasswordPage" time="1.919"/>
  <testcase classname="testNgPack.VerifyForgotPasswordFunctionality" name="verifyTextOnForgotPasswordPage" time="3.267"/>
  <testcase classname="testNgPack.VerifyForgotPasswordFunctionality" name="verifyTextOnForgotPasswordPage" time="2.372"/>
  <testcase classname="testNgPack.VerifyForgotPasswordFunctionality" name="verifyCancelButtonOnForgotPasswordPage" time="4.156"/>
  <testcase classname="testNgPack.VerifyForgotPasswordFunctionality" name="verifyCancelButtonOnForgotPasswordPage" time="3.235"/>
  <testcase classname="testNgPack.VerifyForgotPasswordFunctionality" name="verifyCancelButtonOnForgotPasswordPage" time="4.660"/>
  <testcase classname="testNgPack.VerifyForgotPasswordFunctionality" name="verifySearchButtonFunctionalityWithWrongId" time="5.118"/>
  <testcase classname="testNgPack.VerifyForgotPasswordFunctionality" name="verifySearchButtonFunctionalityWithWrongId" time="5.680"/>
  <testcase classname="testNgPack.VerifyForgotPasswordFunctionality" name="verifySearchButtonFunctionalityWithWrongId" time="7.463"/>
  <testcase classname="testNgPack.VerifyForgotPasswordFunctionality" name="verifySearchButtonFunctionalityWithCorrectId" time="7.056"/>
  <testcase classname="testNgPack.VerifyForgotPasswordFunctionality" name="verifySearchButtonFunctionalityWithCorrectId" time="11.999"/>
  <testcase classname="testNgPack.VerifyForgotPasswordFunctionality" name="verifySearchButtonFunctionalityWithCorrectId" time="5.054"/>
</testsuite> <!-- testNgPack.VerifyForgotPasswordFunctionality -->
