<?xml version="1.0" encoding="UTF-8"?>
<!-- Generated by org.testng.reporters.JUnitReportReporter -->
<testsuite hostname="DESKTOP-BHR3PSD" failures="0" tests="12" name="testNgPack.VerifyForgotPasswordFunctionality" time="56.039" errors="0" timestamp="2024-02-27T15:05:43 IST" skipped="0">
  <testcase classname="testNgPack.VerifyForgotPasswordFunctionality" name="verifyTextOnForgotPasswordPage" time="2.075"/>
  <testcase classname="testNgPack.VerifyForgotPasswordFunctionality" name="verifyTextOnForgotPasswordPage" time="2.250"/>
  <testcase classname="testNgPack.VerifyForgotPasswordFunctionality" name="verifyTextOnForgotPasswordPage" time="2.327"/>
  <testcase classname="testNgPack.VerifyForgotPasswordFunctionality" name="verifyCancelButtonOnForgotPasswordPage" time="3.297"/>
  <testcase classname="testNgPack.VerifyForgotPasswordFunctionality" name="verifyCancelButtonOnForgotPasswordPage" time="4.047"/>
  <testcase classname="testNgPack.VerifyForgotPasswordFunctionality" name="verifyCancelButtonOnForgotPasswordPage" time="3.715"/>
  <testcase classname="testNgPack.VerifyForgotPasswordFunctionality" name="verifySearchButtonFunctionalityWithWrongId" time="5.639"/>
  <testcase classname="testNgPack.VerifyForgotPasswordFunctionality" name="verifySearchButtonFunctionalityWithWrongId" time="4.161"/>
  <testcase classname="testNgPack.VerifyForgotPasswordFunctionality" name="verifySearchButtonFunctionalityWithWrongId" time="6.346"/>
  <testcase classname="testNgPack.VerifyForgotPasswordFunctionality" name="verifySearchButtonFunctionalityWithCorrectId" time="5.885"/>
  <testcase classname="testNgPack.VerifyForgotPasswordFunctionality" name="verifySearchButtonFunctionalityWithCorrectId" time="9.958"/>
  <testcase classname="testNgPack.VerifyForgotPasswordFunctionality" name="verifySearchButtonFunctionalityWithCorrectId" time="6.339"/>
</testsuite> <!-- testNgPack.VerifyForgotPasswordFunctionality -->
