<?xml version="1.0" encoding="UTF-8"?>
<!-- Generated by org.testng.reporters.JUnitReportReporter -->
<testsuite hostname="DESKTOP-BHR3PSD" failures="0" tests="2" name="testNgPack.TestClassNG" time="0.007" errors="0" timestamp="2024-02-18T16:12:04 IST" skipped="0">
  <testcase classname="testNgPack.TestClassNG" name="test1" time="0.006"/>
  <testcase classname="testNgPack.TestClassNG" name="test2" time="0.001"/>
</testsuite> <!-- testNgPack.TestClassNG -->
