<?xml version="1.0" encoding="UTF-8"?>
<!-- Generated by org.testng.reporters.JUnitReportReporter -->
<testsuite hostname="DESKTOP-BHR3PSD" failures="0" tests="6" name="testNgPack.VerifyLoginAndCreteNewAccFunctionality" time="81.133" errors="0" timestamp="2024-03-17T16:04:34 IST" skipped="0">
  <testcase classname="testNgPack.VerifyLoginAndCreteNewAccFunctionality" name="verifyLoginFunctionality" time="8.729"/>
  <testcase classname="testNgPack.VerifyLoginAndCreteNewAccFunctionality" name="verifyLoginFunctionality" time="9.955"/>
  <testcase classname="testNgPack.VerifyLoginAndCreteNewAccFunctionality" name="verifyLoginFunctionality" time="7.692"/>
  <testcase classname="testNgPack.VerifyLoginAndCreteNewAccFunctionality" name="creatNewAccFormFunctionality" time="21.516"/>
  <testcase classname="testNgPack.VerifyLoginAndCreteNewAccFunctionality" name="creatNewAccFormFunctionality" time="19.675"/>
  <testcase classname="testNgPack.VerifyLoginAndCreteNewAccFunctionality" name="creatNewAccFormFunctionality" time="13.566"/>
</testsuite> <!-- testNgPack.VerifyLoginAndCreteNewAccFunctionality -->
